<?xml version="1.0" encoding="utf-8"?><testsuites name="pytest tests"><testsuite name="pytest" errors="0" failures="0" skipped="0" tests="6" time="1.617" timestamp="2026-04-19T08:08:09.612541+00:00" hostname="agent-env-12f8f68c-8cbe-4425-812c-06790b202179"><testcase classname="backend.tests.test_supersearch" name="test_health" time="0.244" /><testcase classname="backend.tests.test_supersearch" name="test_contact_valid_submission" time="0.412" /><testcase classname="backend.tests.test_supersearch" name="test_contact_db_persistence" time="0.405" /><testcase classname="backend.tests.test_supersearch" name="test_contact_invalid_email" time="0.138" /><testcase classname="backend.tests.test_supersearch" name="test_contact_missing_fields" time="0.146" /><testcase classname="backend.tests.test_supersearch" name="test_contact_list" time="0.134" /></testsuite></testsuites>